<?xml version="1.0" encoding="UTF-8"?>
<testng-results skipped="0" failed="0" total="1" passed="1">
  <reporter-output>
  </reporter-output>
  <suite name="Suite" duration-ms="15" started-at="2017-05-23T03:12:35Z" finished-at="2017-05-23T03:12:35Z">
    <groups>
    </groups>
    <test name="Test" duration-ms="15" started-at="2017-05-23T03:12:35Z" finished-at="2017-05-23T03:12:35Z">
      <class name="jenkinsdemo.demojenkinsjob">
        <test-method status="PASS" signature="testjenkins()[pri:0, instance:jenkinsdemo.demojenkinsjob@5479e3f]" name="testjenkins" duration-ms="4" started-at="2017-05-23T13:12:35Z" finished-at="2017-05-23T13:12:35Z">
          <reporter-output>
          </reporter-output>
        </test-method> <!-- testjenkins -->
      </class> <!-- jenkinsdemo.demojenkinsjob -->
    </test> <!-- Test -->
  </suite> <!-- Suite -->
</testng-results>
